<?xml version="1.0" encoding="UTF-8"?>
<!-- Generated by org.testng.reporters.JUnitReportReporter -->
<testsuite hostname="LAPTOP-U65A6V37" failures="0" tests="2" name="streams.StreamsCode" time="0.028" errors="0" timestamp="19 Aug 2021 19:23:45 GMT">
  <testcase classname="streams.StreamsCode" name="streamCollect" time="0.023"/>
  <testcase classname="streams.StreamsCode" name="streamMap" time="0.005"/>
</testsuite> <!-- streams.StreamsCode -->
