<?xml version="1.0" encoding="UTF-8"?>
<!-- Generated by org.testng.reporters.JUnitReportReporter -->
<testsuite hostname="LAPTOP-U65A6V37" failures="0" tests="2" name="Academy.HomePage" time="10.978" errors="0" timestamp="2021-08-06T23:44:53 IST" skipped="0">
  <testcase classname="Academy.HomePage" name="basePageNavigation" time="2.790"/>
  <system-out/>
  <testcase classname="Academy.HomePage" name="basePageNavigation" time="8.188"/>
  <system-out/>
</testsuite> <!-- Academy.HomePage -->
