<?xml version="1.0" encoding="UTF-8"?>
<!-- Generated by org.testng.reporters.JUnitReportReporter -->
<testsuite skipped="0" hostname="LAPTOP-U65A6V37" name="mavenframework.maventutorial.SeleniumTest" tests="2" failures="0" timestamp="2021-07-23T22:52:22 IST" time="0.000" errors="0">
  <testcase name="uiElements" time="0.000" classname="mavenframework.maventutorial.SeleniumTest"/>
  <system-out/>
  <testcase name="browserAutomation" time="0.000" classname="mavenframework.maventutorial.SeleniumTest"/>
  <system-out/>
</testsuite> <!-- mavenframework.maventutorial.SeleniumTest -->
