<?xml version="1.0" encoding="UTF-8"?>
<!-- Generated by org.testng.reporters.JUnitReportReporter -->
<testsuite skipped="0" hostname="LAPTOP-U65A6V37" name="mavenframework.maventutorial.AppiumTest" tests="2" failures="0" timestamp="2021-07-23T22:52:22 IST" time="0.007" errors="0">
  <testcase name="installApp" time="0.007" classname="mavenframework.maventutorial.AppiumTest"/>
  <system-out/>
  <testcase name="launchChrome" time="0.000" classname="mavenframework.maventutorial.AppiumTest"/>
  <system-out/>
</testsuite> <!-- mavenframework.maventutorial.AppiumTest -->
