<?xml version="1.0" encoding="UTF-8"?>
<!-- Generated by org.testng.reporters.JUnitReportReporter -->
<testsuite hostname="LAPTOP-U65A6V37" failures="0" tests="1" name="testcase.LoginApplication" time="42.224" errors="0" timestamp="27 Jul 2021 18:36:25 GMT">
  <testcase classname="testcase.LoginApplication" name="login" time="42.224"/>
</testsuite> <!-- testcase.LoginApplication -->
