<?xml version="1.0" encoding="UTF-8"?>
<!-- Generated by org.testng.reporters.JUnitReportReporter -->
<testsuite hostname="LAPTOP-U65A6V37" failures="0" tests="1" name="restapi.SumValidation" time="3.041" errors="0" timestamp="2021-08-28T23:56:36 IST" skipped="0">
  <testcase classname="restapi.SumValidation" name="sumofCourse" time="3.041"/>
  <system-out/>
</testsuite> <!-- restapi.SumValidation -->
