<?xml version="1.0" encoding="UTF-8"?>
<!-- Generated by org.testng.reporters.JUnitReportReporter -->
<testsuite hostname="LAPTOP-U65A6V37" failures="0" tests="3" name="restapi.AddBook" time="6.248" errors="0" timestamp="2021-09-01T23:44:41 IST" skipped="0">
  <testcase classname="restapi.AddBook" name="addBook" time="0.680"/>
  <system-out/>
  <testcase classname="restapi.AddBook" name="addBook" time="5.171"/>
  <system-out/>
  <testcase classname="restapi.AddBook" name="addBook" time="0.397"/>
  <system-out/>
</testsuite> <!-- restapi.AddBook -->
