<?xml version="1.0" encoding="UTF-8"?>
<!-- Generated by org.testng.reporters.JUnitReportReporter -->
<testsuite hostname="LAPTOP-U65A6V37" failures="0" tests="1" name="mavenframework.ExtentReports.ExtentReportDemo" time="5.685" errors="0" timestamp="2021-07-24T23:38:12 IST" skipped="0">
  <testcase classname="mavenframework.ExtentReports.ExtentReportDemo" name="ExtentReportTutorial" time="5.685"/>
  <system-out/>
</testsuite> <!-- mavenframework.ExtentReports.ExtentReportDemo -->
