<?xml version="1.0" encoding="UTF-8"?>
<!-- Generated by org.testng.reporters.JUnitReportReporter -->
<testsuite hostname="LAPTOP-U65A6V37" failures="0" tests="1" name="TestNGFramework.Test2" time="0.002" errors="0" timestamp="2021-07-23T00:15:03 IST" skipped="0">
  <testcase classname="TestNGFramework.Test2" name="ploan" time="0.002"/>
  <system-out/>
</testsuite> <!-- TestNGFramework.Test2 -->
