<?xml version="1.0" encoding="UTF-8"?>
<!-- Generated by org.testng.reporters.JUnitReportReporter -->
<testsuite hostname="LAPTOP-U65A6V37" failures="0" tests="7" name="TestNGFramework.Test3" time="0.017" errors="0" timestamp="2021-07-23T00:15:03 IST" skipped="1">
  <testcase classname="TestNGFramework.Test3" name="mobileLoginCarLoan" time="0.003"/>
  <system-out/>
  <testcase classname="TestNGFramework.Test3" name="LoginAPICarLoan" time="0.003"/>
  <system-out/>
  <testcase classname="TestNGFramework.Test3" name="LoginAPICarLoan" time="0.003"/>
  <system-out/>
  <testcase classname="TestNGFramework.Test3" name="mobileSignoutCarLoan" time="0.003"/>
  <system-out/>
  <testcase classname="TestNGFramework.Test3" name="LoginAPICarLoan" time="0.003"/>
  <system-out/>
  <testcase classname="TestNGFramework.Test3" name="webLoginCarLoan" time="0.002"/>
  <system-out/>
  <testcase classname="TestNGFramework.Test3" name="mobileSignInCarLoan">
    <skipped/>
  </testcase> <!-- mobileSignInCarLoan -->
  <system-out/>
</testsuite> <!-- TestNGFramework.Test3 -->
