<?xml version="1.0" encoding="UTF-8"?>
<!-- Generated by org.testng.reporters.JUnitReportReporter -->
<testsuite hostname="LAPTOP-U65A6V37" failures="0" tests="1" name="TestNGFramework.Test1" time="0.010" errors="0" timestamp="2021-07-23T00:15:03 IST" skipped="0">
  <testcase classname="TestNGFramework.Test1" name="demo" time="0.010"/>
  <system-out/>
</testsuite> <!-- TestNGFramework.Test1 -->
